<?xml version="1.0" encoding="UTF-8"?>
<testng-results ignored="0" total="0" passed="0" failed="0" skipped="0">
  <reporter-output>
  </reporter-output>
  <suite started-at="2023-11-30T13:00:57 GMT" name="Default suite" finished-at="2023-11-30T13:00:58 GMT" duration-ms="927">
    <groups>
    </groups>
    <test started-at="2023-11-30T13:00:57 GMT" name="Default test" finished-at="2023-11-30T13:00:58 GMT" duration-ms="927">
      <class name="testScripts.PlaceOrderTest">
        <test-method is-config="true" signature="setup()[pri:0, instance:testScripts.PlaceOrderTest@e3cee7b]" started-at="2023-11-30T13:00:57 GMT" name="setup" finished-at="2023-11-30T13:00:58 GMT" duration-ms="913" status="PASS">
          <reporter-output>
          </reporter-output>
        </test-method> <!-- setup -->
      </class> <!-- testScripts.PlaceOrderTest -->
    </test> <!-- Default test -->
  </suite> <!-- Default suite -->
</testng-results>
